Traceback (most recent call last):
  File "/Users/eatai/.pyenv/versions/3.13.1/envs/datascience/lib/python3.13/site-packages/jupyter_cache/executors/utils.py", line 58, in single_nb_execution
    executenb(
    ~~~~~~~~~^
        nb,
        ^^^
    ...<4 lines>...
        **kwargs,
        ^^^^^^^^^
    )
    ^
  File "/Users/eatai/.pyenv/versions/3.13.1/envs/datascience/lib/python3.13/site-packages/nbclient/client.py", line 1319, in execute
    return NotebookClient(nb=nb, resources=resources, km=km, **kwargs).execute()
           ~~~~~~~~~~~~~~~~~~~~~~~~~~~~~~~~~~~~~~~~~~~~~~~~~~~~~~~~~~~~~~~~~~~^^
  File "/Users/eatai/.pyenv/versions/3.13.1/envs/datascience/lib/python3.13/site-packages/jupyter_core/utils/__init__.py", line 165, in wrapped
    return loop.run_until_complete(inner)
           ~~~~~~~~~~~~~~~~~~~~~~~^^^^^^^
  File "/Users/eatai/.pyenv/versions/3.13.1/lib/python3.13/asyncio/base_events.py", line 720, in run_until_complete
    return future.result()
           ~~~~~~~~~~~~~^^
  File "/Users/eatai/.pyenv/versions/3.13.1/envs/datascience/lib/python3.13/site-packages/nbclient/client.py", line 709, in async_execute
    await self.async_execute_cell(
        cell, index, execution_count=self.code_cells_executed + 1
    )
  File "/Users/eatai/.pyenv/versions/3.13.1/envs/datascience/lib/python3.13/site-packages/nbclient/client.py", line 1062, in async_execute_cell
    await self._check_raise_for_error(cell, cell_index, exec_reply)
  File "/Users/eatai/.pyenv/versions/3.13.1/envs/datascience/lib/python3.13/site-packages/nbclient/client.py", line 918, in _check_raise_for_error
    raise CellExecutionError.from_cell_and_msg(cell, exec_reply_content)
nbclient.exceptions.CellExecutionError: An error occurred while executing the following cell:
------------------
import pandas as pd
import numpy as np
import matplotlib.pyplot as plt

from sklearn.datasets import fetch_california_housing, fetch_covtype
from sklearn.model_selection import train_test_split
from sklearn.preprocessing import StandardScaler, PolynomialFeatures

from sklearn.linear_model import LinearRegression
from sklearn.ensemble import RandomForestClassifier, GradientBoostingClassifier
from sklearn.neighbors import KNeighborsClassifier

from sklearn.metrics import r2_score, accuracy_score, classification_report, confusion_matrix, ConfusionMatrixDisplay

# from keras.datasets import california_housing
from keras.models import Sequential
from keras.layers import Dense
------------------


[0;31m---------------------------------------------------------------------------[0m
[0;31mModuleNotFoundError[0m                       Traceback (most recent call last)
Cell [0;32mIn[1], line 16[0m
[1;32m     13[0m [38;5;28;01mfrom[39;00m[38;5;250m [39m[38;5;21;01msklearn[39;00m[38;5;21;01m.[39;00m[38;5;21;01mmetrics[39;00m[38;5;250m [39m[38;5;28;01mimport[39;00m r2_score, accuracy_score, classification_report, confusion_matrix, ConfusionMatrixDisplay
[1;32m     15[0m [38;5;66;03m# from keras.datasets import california_housing[39;00m
[0;32m---> 16[0m [38;5;28;01mfrom[39;00m[38;5;250m [39m[38;5;21;01mkeras[39;00m[38;5;21;01m.[39;00m[38;5;21;01mmodels[39;00m[38;5;250m [39m[38;5;28;01mimport[39;00m Sequential
[1;32m     17[0m [38;5;28;01mfrom[39;00m[38;5;250m [39m[38;5;21;01mkeras[39;00m[38;5;21;01m.[39;00m[38;5;21;01mlayers[39;00m[38;5;250m [39m[38;5;28;01mimport[39;00m Dense

File [0;32m~/.pyenv/versions/3.13.1/envs/datascience/lib/python3.13/site-packages/keras/__init__.py:2[0m
[1;32m      1[0m [38;5;66;03m# DO NOT EDIT. Generated by api_gen.sh[39;00m
[0;32m----> 2[0m [38;5;28;01mfrom[39;00m[38;5;250m [39m[38;5;21;01mkeras[39;00m[38;5;21;01m.[39;00m[38;5;21;01mapi[39;00m[38;5;250m [39m[38;5;28;01mimport[39;00m DTypePolicy
[1;32m      3[0m [38;5;28;01mfrom[39;00m[38;5;250m [39m[38;5;21;01mkeras[39;00m[38;5;21;01m.[39;00m[38;5;21;01mapi[39;00m[38;5;250m [39m[38;5;28;01mimport[39;00m FloatDTypePolicy
[1;32m      4[0m [38;5;28;01mfrom[39;00m[38;5;250m [39m[38;5;21;01mkeras[39;00m[38;5;21;01m.[39;00m[38;5;21;01mapi[39;00m[38;5;250m [39m[38;5;28;01mimport[39;00m Function

File [0;32m~/.pyenv/versions/3.13.1/envs/datascience/lib/python3.13/site-packages/keras/api/__init__.py:8[0m
[1;32m      1[0m [38;5;124;03m"""DO NOT EDIT.[39;00m
[1;32m      2[0m 
[1;32m      3[0m [38;5;124;03mThis file was autogenerated. Do not edit it by hand,[39;00m
[1;32m      4[0m [38;5;124;03msince your modifications would be overwritten.[39;00m
[1;32m      5[0m [38;5;124;03m"""[39;00m
[0;32m----> 8[0m [38;5;28;01mfrom[39;00m[38;5;250m [39m[38;5;21;01mkeras[39;00m[38;5;21;01m.[39;00m[38;5;21;01mapi[39;00m[38;5;250m [39m[38;5;28;01mimport[39;00m activations
[1;32m      9[0m [38;5;28;01mfrom[39;00m[38;5;250m [39m[38;5;21;01mkeras[39;00m[38;5;21;01m.[39;00m[38;5;21;01mapi[39;00m[38;5;250m [39m[38;5;28;01mimport[39;00m applications
[1;32m     10[0m [38;5;28;01mfrom[39;00m[38;5;250m [39m[38;5;21;01mkeras[39;00m[38;5;21;01m.[39;00m[38;5;21;01mapi[39;00m[38;5;250m [39m[38;5;28;01mimport[39;00m backend

File [0;32m~/.pyenv/versions/3.13.1/envs/datascience/lib/python3.13/site-packages/keras/api/activations/__init__.py:7[0m
[1;32m      1[0m [38;5;124;03m"""DO NOT EDIT.[39;00m
[1;32m      2[0m 
[1;32m      3[0m [38;5;124;03mThis file was autogenerated. Do not edit it by hand,[39;00m
[1;32m      4[0m [38;5;124;03msince your modifications would be overwritten.[39;00m
[1;32m      5[0m [38;5;124;03m"""[39;00m
[0;32m----> 7[0m [38;5;28;01mfrom[39;00m[38;5;250m [39m[38;5;21;01mkeras[39;00m[38;5;21;01m.[39;00m[38;5;21;01msrc[39;00m[38;5;21;01m.[39;00m[38;5;21;01mactivations[39;00m[38;5;250m [39m[38;5;28;01mimport[39;00m deserialize
[1;32m      8[0m [38;5;28;01mfrom[39;00m[38;5;250m [39m[38;5;21;01mkeras[39;00m[38;5;21;01m.[39;00m[38;5;21;01msrc[39;00m[38;5;21;01m.[39;00m[38;5;21;01mactivations[39;00m[38;5;250m [39m[38;5;28;01mimport[39;00m get
[1;32m      9[0m [38;5;28;01mfrom[39;00m[38;5;250m [39m[38;5;21;01mkeras[39;00m[38;5;21;01m.[39;00m[38;5;21;01msrc[39;00m[38;5;21;01m.[39;00m[38;5;21;01mactivations[39;00m[38;5;250m [39m[38;5;28;01mimport[39;00m serialize

File [0;32m~/.pyenv/versions/3.13.1/envs/datascience/lib/python3.13/site-packages/keras/src/__init__.py:1[0m
[0;32m----> 1[0m [38;5;28;01mfrom[39;00m[38;5;250m [39m[38;5;21;01mkeras[39;00m[38;5;21;01m.[39;00m[38;5;21;01msrc[39;00m[38;5;250m [39m[38;5;28;01mimport[39;00m activations
[1;32m      2[0m [38;5;28;01mfrom[39;00m[38;5;250m [39m[38;5;21;01mkeras[39;00m[38;5;21;01m.[39;00m[38;5;21;01msrc[39;00m[38;5;250m [39m[38;5;28;01mimport[39;00m applications
[1;32m      3[0m [38;5;28;01mfrom[39;00m[38;5;250m [39m[38;5;21;01mkeras[39;00m[38;5;21;01m.[39;00m[38;5;21;01msrc[39;00m[38;5;250m [39m[38;5;28;01mimport[39;00m backend

File [0;32m~/.pyenv/versions/3.13.1/envs/datascience/lib/python3.13/site-packages/keras/src/activations/__init__.py:3[0m
[1;32m      1[0m [38;5;28;01mimport[39;00m[38;5;250m [39m[38;5;21;01mtypes[39;00m
[0;32m----> 3[0m [38;5;28;01mfrom[39;00m[38;5;250m [39m[38;5;21;01mkeras[39;00m[38;5;21;01m.[39;00m[38;5;21;01msrc[39;00m[38;5;21;01m.[39;00m[38;5;21;01mactivations[39;00m[38;5;21;01m.[39;00m[38;5;21;01mactivations[39;00m[38;5;250m [39m[38;5;28;01mimport[39;00m celu
[1;32m      4[0m [38;5;28;01mfrom[39;00m[38;5;250m [39m[38;5;21;01mkeras[39;00m[38;5;21;01m.[39;00m[38;5;21;01msrc[39;00m[38;5;21;01m.[39;00m[38;5;21;01mactivations[39;00m[38;5;21;01m.[39;00m[38;5;21;01mactivations[39;00m[38;5;250m [39m[38;5;28;01mimport[39;00m elu
[1;32m      5[0m [38;5;28;01mfrom[39;00m[38;5;250m [39m[38;5;21;01mkeras[39;00m[38;5;21;01m.[39;00m[38;5;21;01msrc[39;00m[38;5;21;01m.[39;00m[38;5;21;01mactivations[39;00m[38;5;21;01m.[39;00m[38;5;21;01mactivations[39;00m[38;5;250m [39m[38;5;28;01mimport[39;00m exponential

File [0;32m~/.pyenv/versions/3.13.1/envs/datascience/lib/python3.13/site-packages/keras/src/activations/activations.py:1[0m
[0;32m----> 1[0m [38;5;28;01mfrom[39;00m[38;5;250m [39m[38;5;21;01mkeras[39;00m[38;5;21;01m.[39;00m[38;5;21;01msrc[39;00m[38;5;250m [39m[38;5;28;01mimport[39;00m backend
[1;32m      2[0m [38;5;28;01mfrom[39;00m[38;5;250m [39m[38;5;21;01mkeras[39;00m[38;5;21;01m.[39;00m[38;5;21;01msrc[39;00m[38;5;250m [39m[38;5;28;01mimport[39;00m ops
[1;32m      3[0m [38;5;28;01mfrom[39;00m[38;5;250m [39m[38;5;21;01mkeras[39;00m[38;5;21;01m.[39;00m[38;5;21;01msrc[39;00m[38;5;21;01m.[39;00m[38;5;21;01mapi_export[39;00m[38;5;250m [39m[38;5;28;01mimport[39;00m keras_export

File [0;32m~/.pyenv/versions/3.13.1/envs/datascience/lib/python3.13/site-packages/keras/src/backend/__init__.py:10[0m
[1;32m      7[0m     [38;5;28;01mimport[39;00m[38;5;250m [39m[38;5;21;01mtorch[39;00m
[1;32m      9[0m [38;5;28;01mfrom[39;00m[38;5;250m [39m[38;5;21;01mkeras[39;00m[38;5;21;01m.[39;00m[38;5;21;01msrc[39;00m[38;5;21;01m.[39;00m[38;5;21;01mapi_export[39;00m[38;5;250m [39m[38;5;28;01mimport[39;00m keras_export
[0;32m---> 10[0m [38;5;28;01mfrom[39;00m[38;5;250m [39m[38;5;21;01mkeras[39;00m[38;5;21;01m.[39;00m[38;5;21;01msrc[39;00m[38;5;21;01m.[39;00m[38;5;21;01mbackend[39;00m[38;5;21;01m.[39;00m[38;5;21;01mcommon[39;00m[38;5;21;01m.[39;00m[38;5;21;01mdtypes[39;00m[38;5;250m [39m[38;5;28;01mimport[39;00m result_type
[1;32m     11[0m [38;5;28;01mfrom[39;00m[38;5;250m [39m[38;5;21;01mkeras[39;00m[38;5;21;01m.[39;00m[38;5;21;01msrc[39;00m[38;5;21;01m.[39;00m[38;5;21;01mbackend[39;00m[38;5;21;01m.[39;00m[38;5;21;01mcommon[39;00m[38;5;21;01m.[39;00m[38;5;21;01mkeras_tensor[39;00m[38;5;250m [39m[38;5;28;01mimport[39;00m KerasTensor
[1;32m     12[0m [38;5;28;01mfrom[39;00m[38;5;250m [39m[38;5;21;01mkeras[39;00m[38;5;21;01m.[39;00m[38;5;21;01msrc[39;00m[38;5;21;01m.[39;00m[38;5;21;01mbackend[39;00m[38;5;21;01m.[39;00m[38;5;21;01mcommon[39;00m[38;5;21;01m.[39;00m[38;5;21;01mkeras_tensor[39;00m[38;5;250m [39m[38;5;28;01mimport[39;00m any_symbolic_tensors

File [0;32m~/.pyenv/versions/3.13.1/envs/datascience/lib/python3.13/site-packages/keras/src/backend/common/__init__.py:2[0m
[1;32m      1[0m [38;5;28;01mfrom[39;00m[38;5;250m [39m[38;5;21;01mkeras[39;00m[38;5;21;01m.[39;00m[38;5;21;01msrc[39;00m[38;5;21;01m.[39;00m[38;5;21;01mbackend[39;00m[38;5;21;01m.[39;00m[38;5;21;01mcommon[39;00m[38;5;250m [39m[38;5;28;01mimport[39;00m backend_utils
[0;32m----> 2[0m [38;5;28;01mfrom[39;00m[38;5;250m [39m[38;5;21;01mkeras[39;00m[38;5;21;01m.[39;00m[38;5;21;01msrc[39;00m[38;5;21;01m.[39;00m[38;5;21;01mbackend[39;00m[38;5;21;01m.[39;00m[38;5;21;01mcommon[39;00m[38;5;21;01m.[39;00m[38;5;21;01mdtypes[39;00m[38;5;250m [39m[38;5;28;01mimport[39;00m result_type
[1;32m      3[0m [38;5;28;01mfrom[39;00m[38;5;250m [39m[38;5;21;01mkeras[39;00m[38;5;21;01m.[39;00m[38;5;21;01msrc[39;00m[38;5;21;01m.[39;00m[38;5;21;01mbackend[39;00m[38;5;21;01m.[39;00m[38;5;21;01mcommon[39;00m[38;5;21;01m.[39;00m[38;5;21;01mvariables[39;00m[38;5;250m [39m[38;5;28;01mimport[39;00m AutocastScope
[1;32m      4[0m [38;5;28;01mfrom[39;00m[38;5;250m [39m[38;5;21;01mkeras[39;00m[38;5;21;01m.[39;00m[38;5;21;01msrc[39;00m[38;5;21;01m.[39;00m[38;5;21;01mbackend[39;00m[38;5;21;01m.[39;00m[38;5;21;01mcommon[39;00m[38;5;21;01m.[39;00m[38;5;21;01mvariables[39;00m[38;5;250m [39m[38;5;28;01mimport[39;00m Variable [38;5;28;01mas[39;00m KerasVariable

File [0;32m~/.pyenv/versions/3.13.1/envs/datascience/lib/python3.13/site-packages/keras/src/backend/common/dtypes.py:5[0m
[1;32m      3[0m [38;5;28;01mfrom[39;00m[38;5;250m [39m[38;5;21;01mkeras[39;00m[38;5;21;01m.[39;00m[38;5;21;01msrc[39;00m[38;5;21;01m.[39;00m[38;5;21;01mapi_export[39;00m[38;5;250m [39m[38;5;28;01mimport[39;00m keras_export
[1;32m      4[0m [38;5;28;01mfrom[39;00m[38;5;250m [39m[38;5;21;01mkeras[39;00m[38;5;21;01m.[39;00m[38;5;21;01msrc[39;00m[38;5;21;01m.[39;00m[38;5;21;01mbackend[39;00m[38;5;250m [39m[38;5;28;01mimport[39;00m config
[0;32m----> 5[0m [38;5;28;01mfrom[39;00m[38;5;250m [39m[38;5;21;01mkeras[39;00m[38;5;21;01m.[39;00m[38;5;21;01msrc[39;00m[38;5;21;01m.[39;00m[38;5;21;01mbackend[39;00m[38;5;21;01m.[39;00m[38;5;21;01mcommon[39;00m[38;5;21;01m.[39;00m[38;5;21;01mvariables[39;00m[38;5;250m [39m[38;5;28;01mimport[39;00m standardize_dtype
[1;32m      7[0m BOOL_TYPES [38;5;241m=[39m ([38;5;124m"[39m[38;5;124mbool[39m[38;5;124m"[39m,)
[1;32m      8[0m INT_TYPES [38;5;241m=[39m (
[1;32m      9[0m     [38;5;124m"[39m[38;5;124muint8[39m[38;5;124m"[39m,
[1;32m     10[0m     [38;5;124m"[39m[38;5;124muint16[39m[38;5;124m"[39m,
[0;32m   (...)[0m
[1;32m     16[0m     [38;5;124m"[39m[38;5;124mint64[39m[38;5;124m"[39m,
[1;32m     17[0m )

File [0;32m~/.pyenv/versions/3.13.1/envs/datascience/lib/python3.13/site-packages/keras/src/backend/common/variables.py:11[0m
[1;32m      9[0m [38;5;28;01mfrom[39;00m[38;5;250m [39m[38;5;21;01mkeras[39;00m[38;5;21;01m.[39;00m[38;5;21;01msrc[39;00m[38;5;21;01m.[39;00m[38;5;21;01mbackend[39;00m[38;5;21;01m.[39;00m[38;5;21;01mcommon[39;00m[38;5;21;01m.[39;00m[38;5;21;01mstateless_scope[39;00m[38;5;250m [39m[38;5;28;01mimport[39;00m get_stateless_scope
[1;32m     10[0m [38;5;28;01mfrom[39;00m[38;5;250m [39m[38;5;21;01mkeras[39;00m[38;5;21;01m.[39;00m[38;5;21;01msrc[39;00m[38;5;21;01m.[39;00m[38;5;21;01mbackend[39;00m[38;5;21;01m.[39;00m[38;5;21;01mcommon[39;00m[38;5;21;01m.[39;00m[38;5;21;01mstateless_scope[39;00m[38;5;250m [39m[38;5;28;01mimport[39;00m in_stateless_scope
[0;32m---> 11[0m [38;5;28;01mfrom[39;00m[38;5;250m [39m[38;5;21;01mkeras[39;00m[38;5;21;01m.[39;00m[38;5;21;01msrc[39;00m[38;5;21;01m.[39;00m[38;5;21;01mutils[39;00m[38;5;21;01m.[39;00m[38;5;21;01mmodule_utils[39;00m[38;5;250m [39m[38;5;28;01mimport[39;00m tensorflow [38;5;28;01mas[39;00m tf
[1;32m     12[0m [38;5;28;01mfrom[39;00m[38;5;250m [39m[38;5;21;01mkeras[39;00m[38;5;21;01m.[39;00m[38;5;21;01msrc[39;00m[38;5;21;01m.[39;00m[38;5;21;01mutils[39;00m[38;5;21;01m.[39;00m[38;5;21;01mnaming[39;00m[38;5;250m [39m[38;5;28;01mimport[39;00m auto_name
[1;32m     15[0m [38;5;28;01mclass[39;00m[38;5;250m [39m[38;5;21;01mVariable[39;00m:

File [0;32m~/.pyenv/versions/3.13.1/envs/datascience/lib/python3.13/site-packages/keras/src/utils/__init__.py:1[0m
[0;32m----> 1[0m [38;5;28;01mfrom[39;00m[38;5;250m [39m[38;5;21;01mkeras[39;00m[38;5;21;01m.[39;00m[38;5;21;01msrc[39;00m[38;5;21;01m.[39;00m[38;5;21;01mutils[39;00m[38;5;21;01m.[39;00m[38;5;21;01maudio_dataset_utils[39;00m[38;5;250m [39m[38;5;28;01mimport[39;00m audio_dataset_from_directory
[1;32m      2[0m [38;5;28;01mfrom[39;00m[38;5;250m [39m[38;5;21;01mkeras[39;00m[38;5;21;01m.[39;00m[38;5;21;01msrc[39;00m[38;5;21;01m.[39;00m[38;5;21;01mutils[39;00m[38;5;21;01m.[39;00m[38;5;21;01mdataset_utils[39;00m[38;5;250m [39m[38;5;28;01mimport[39;00m split_dataset
[1;32m      3[0m [38;5;28;01mfrom[39;00m[38;5;250m [39m[38;5;21;01mkeras[39;00m[38;5;21;01m.[39;00m[38;5;21;01msrc[39;00m[38;5;21;01m.[39;00m[38;5;21;01mutils[39;00m[38;5;21;01m.[39;00m[38;5;21;01mfile_utils[39;00m[38;5;250m [39m[38;5;28;01mimport[39;00m get_file

File [0;32m~/.pyenv/versions/3.13.1/envs/datascience/lib/python3.13/site-packages/keras/src/utils/audio_dataset_utils.py:4[0m
[1;32m      1[0m [38;5;28;01mimport[39;00m[38;5;250m [39m[38;5;21;01mnumpy[39;00m[38;5;250m [39m[38;5;28;01mas[39;00m[38;5;250m [39m[38;5;21;01mnp[39;00m
[1;32m      3[0m [38;5;28;01mfrom[39;00m[38;5;250m [39m[38;5;21;01mkeras[39;00m[38;5;21;01m.[39;00m[38;5;21;01msrc[39;00m[38;5;21;01m.[39;00m[38;5;21;01mapi_export[39;00m[38;5;250m [39m[38;5;28;01mimport[39;00m keras_export
[0;32m----> 4[0m [38;5;28;01mfrom[39;00m[38;5;250m [39m[38;5;21;01mkeras[39;00m[38;5;21;01m.[39;00m[38;5;21;01msrc[39;00m[38;5;21;01m.[39;00m[38;5;21;01mutils[39;00m[38;5;250m [39m[38;5;28;01mimport[39;00m dataset_utils
[1;32m      5[0m [38;5;28;01mfrom[39;00m[38;5;250m [39m[38;5;21;01mkeras[39;00m[38;5;21;01m.[39;00m[38;5;21;01msrc[39;00m[38;5;21;01m.[39;00m[38;5;21;01mutils[39;00m[38;5;21;01m.[39;00m[38;5;21;01mmodule_utils[39;00m[38;5;250m [39m[38;5;28;01mimport[39;00m tensorflow [38;5;28;01mas[39;00m tf
[1;32m      6[0m [38;5;28;01mfrom[39;00m[38;5;250m [39m[38;5;21;01mkeras[39;00m[38;5;21;01m.[39;00m[38;5;21;01msrc[39;00m[38;5;21;01m.[39;00m[38;5;21;01mutils[39;00m[38;5;21;01m.[39;00m[38;5;21;01mmodule_utils[39;00m[38;5;250m [39m[38;5;28;01mimport[39;00m tensorflow_io [38;5;28;01mas[39;00m tfio

File [0;32m~/.pyenv/versions/3.13.1/envs/datascience/lib/python3.13/site-packages/keras/src/utils/dataset_utils.py:9[0m
[1;32m      5[0m [38;5;28;01mfrom[39;00m[38;5;250m [39m[38;5;21;01mmultiprocessing[39;00m[38;5;21;01m.[39;00m[38;5;21;01mpool[39;00m[38;5;250m [39m[38;5;28;01mimport[39;00m ThreadPool
[1;32m      7[0m [38;5;28;01mimport[39;00m[38;5;250m [39m[38;5;21;01mnumpy[39;00m[38;5;250m [39m[38;5;28;01mas[39;00m[38;5;250m [39m[38;5;21;01mnp[39;00m
[0;32m----> 9[0m [38;5;28;01mfrom[39;00m[38;5;250m [39m[38;5;21;01mkeras[39;00m[38;5;21;01m.[39;00m[38;5;21;01msrc[39;00m[38;5;250m [39m[38;5;28;01mimport[39;00m tree
[1;32m     10[0m [38;5;28;01mfrom[39;00m[38;5;250m [39m[38;5;21;01mkeras[39;00m[38;5;21;01m.[39;00m[38;5;21;01msrc[39;00m[38;5;21;01m.[39;00m[38;5;21;01mapi_export[39;00m[38;5;250m [39m[38;5;28;01mimport[39;00m keras_export
[1;32m     11[0m [38;5;28;01mfrom[39;00m[38;5;250m [39m[38;5;21;01mkeras[39;00m[38;5;21;01m.[39;00m[38;5;21;01msrc[39;00m[38;5;21;01m.[39;00m[38;5;21;01mutils[39;00m[38;5;250m [39m[38;5;28;01mimport[39;00m io_utils

File [0;32m~/.pyenv/versions/3.13.1/envs/datascience/lib/python3.13/site-packages/keras/src/tree/__init__.py:1[0m
[0;32m----> 1[0m [38;5;28;01mfrom[39;00m[38;5;250m [39m[38;5;21;01mkeras[39;00m[38;5;21;01m.[39;00m[38;5;21;01msrc[39;00m[38;5;21;01m.[39;00m[38;5;21;01mtree[39;00m[38;5;21;01m.[39;00m[38;5;21;01mtree_api[39;00m[38;5;250m [39m[38;5;28;01mimport[39;00m assert_same_paths
[1;32m      2[0m [38;5;28;01mfrom[39;00m[38;5;250m [39m[38;5;21;01mkeras[39;00m[38;5;21;01m.[39;00m[38;5;21;01msrc[39;00m[38;5;21;01m.[39;00m[38;5;21;01mtree[39;00m[38;5;21;01m.[39;00m[38;5;21;01mtree_api[39;00m[38;5;250m [39m[38;5;28;01mimport[39;00m assert_same_structure
[1;32m      3[0m [38;5;28;01mfrom[39;00m[38;5;250m [39m[38;5;21;01mkeras[39;00m[38;5;21;01m.[39;00m[38;5;21;01msrc[39;00m[38;5;21;01m.[39;00m[38;5;21;01mtree[39;00m[38;5;21;01m.[39;00m[38;5;21;01mtree_api[39;00m[38;5;250m [39m[38;5;28;01mimport[39;00m flatten

File [0;32m~/.pyenv/versions/3.13.1/envs/datascience/lib/python3.13/site-packages/keras/src/tree/tree_api.py:8[0m
[1;32m      5[0m [38;5;28;01mfrom[39;00m[38;5;250m [39m[38;5;21;01mkeras[39;00m[38;5;21;01m.[39;00m[38;5;21;01msrc[39;00m[38;5;21;01m.[39;00m[38;5;21;01mutils[39;00m[38;5;21;01m.[39;00m[38;5;21;01mmodule_utils[39;00m[38;5;250m [39m[38;5;28;01mimport[39;00m optree
[1;32m      7[0m [38;5;28;01mif[39;00m optree[38;5;241m.[39mavailable:
[0;32m----> 8[0m     [38;5;28;01mfrom[39;00m[38;5;250m [39m[38;5;21;01mkeras[39;00m[38;5;21;01m.[39;00m[38;5;21;01msrc[39;00m[38;5;21;01m.[39;00m[38;5;21;01mtree[39;00m[38;5;250m [39m[38;5;28;01mimport[39;00m optree_impl [38;5;28;01mas[39;00m tree_impl
[1;32m      9[0m [38;5;28;01melif[39;00m dmtree[38;5;241m.[39mavailable:
[1;32m     10[0m     [38;5;28;01mfrom[39;00m[38;5;250m [39m[38;5;21;01mkeras[39;00m[38;5;21;01m.[39;00m[38;5;21;01msrc[39;00m[38;5;21;01m.[39;00m[38;5;21;01mtree[39;00m[38;5;250m [39m[38;5;28;01mimport[39;00m dmtree_impl [38;5;28;01mas[39;00m tree_impl

File [0;32m~/.pyenv/versions/3.13.1/envs/datascience/lib/python3.13/site-packages/keras/src/tree/optree_impl.py:13[0m
[1;32m     11[0m [38;5;66;03m# Register backend-specific node classes[39;00m
[1;32m     12[0m [38;5;28;01mif[39;00m backend() [38;5;241m==[39m [38;5;124m"[39m[38;5;124mtensorflow[39m[38;5;124m"[39m:
[0;32m---> 13[0m     [38;5;28;01mfrom[39;00m[38;5;250m [39m[38;5;21;01mtensorflow[39;00m[38;5;21;01m.[39;00m[38;5;21;01mpython[39;00m[38;5;21;01m.[39;00m[38;5;21;01mtrackable[39;00m[38;5;21;01m.[39;00m[38;5;21;01mdata_structures[39;00m[38;5;250m [39m[38;5;28;01mimport[39;00m ListWrapper
[1;32m     14[0m     [38;5;28;01mfrom[39;00m[38;5;250m [39m[38;5;21;01mtensorflow[39;00m[38;5;21;01m.[39;00m[38;5;21;01mpython[39;00m[38;5;21;01m.[39;00m[38;5;21;01mtrackable[39;00m[38;5;21;01m.[39;00m[38;5;21;01mdata_structures[39;00m[38;5;250m [39m[38;5;28;01mimport[39;00m _DictWrapper
[1;32m     16[0m     optree[38;5;241m.[39mregister_pytree_node(
[1;32m     17[0m         ListWrapper,
[1;32m     18[0m         [38;5;28;01mlambda[39;00m x: (x, [38;5;28;01mNone[39;00m),
[1;32m     19[0m         [38;5;28;01mlambda[39;00m metadata, children: ListWrapper([38;5;28mlist[39m(children)),
[1;32m     20[0m         namespace[38;5;241m=[39m[38;5;124m"[39m[38;5;124mkeras[39m[38;5;124m"[39m,
[1;32m     21[0m     )

[0;31mModuleNotFoundError[0m: No module named 'tensorflow'

